2020-02-20 20:06:13.684 +0800	INFO	org.springframework.boot.StartupInfoLogger	50	main	Starting AopdemoApplication on DESKTOP-EPLMR17 with PID 1032 (started by 屈冠文 in C:\Users\屈冠文\IdeaProjects\format\aopdemo)
2020-02-20 20:06:13.700 +0800	DEBUG	org.springframework.boot.StartupInfoLogger	53	main	Running with Spring Boot v2.1.4.RELEASE, Spring v5.1.6.RELEASE
2020-02-20 20:06:13.701 +0800	INFO	org.springframework.boot.SpringApplication	675	main	No active profile set, falling back to default profiles: default
2020-02-20 20:06:14.303 +0800	INFO	org.springframework.data.repository.config.RepositoryConfigurationDelegate	244	main	Multiple Spring Data modules found, entering strict repository configuration mode!
2020-02-20 20:06:14.306 +0800	INFO	org.springframework.data.repository.config.RepositoryConfigurationDelegate	126	main	Bootstrapping Spring Data repositories in DEFAULT mode.
2020-02-20 20:06:14.372 +0800	INFO	org.springframework.data.repository.config.RepositoryConfigurationDelegate	182	main	Finished Spring Data repository scanning in 31ms. Found 0 repository interfaces.
2020-02-20 20:06:14.697 +0800	INFO	org.springframework.context.support.PostProcessorRegistrationDelegate$BeanPostProcessorChecker	330	main	Bean 'org.springframework.transaction.annotation.ProxyTransactionManagementConfiguration' of type [org.springframework.transaction.annotation.ProxyTransactionManagementConfiguration$$EnhancerBySpringCGLIB$$1e31c9] is not eligible for getting processed by all BeanPostProcessors (for example: not eligible for auto-proxying)
2020-02-20 20:06:15.130 +0800	INFO	org.springframework.boot.web.embedded.tomcat.TomcatWebServer	90	main	Tomcat initialized with port(s): 8888 (http)
2020-02-20 20:06:15.141 +0800	INFO	org.apache.juli.logging.DirectJDKLog	173	main	Initializing ProtocolHandler ["http-nio-8888"]
2020-02-20 20:06:15.152 +0800	INFO	org.apache.juli.logging.DirectJDKLog	173	main	Starting service [Tomcat]
2020-02-20 20:06:15.153 +0800	INFO	org.apache.juli.logging.DirectJDKLog	173	main	Starting Servlet engine: [Apache Tomcat/9.0.17]
2020-02-20 20:06:15.257 +0800	INFO	org.apache.juli.logging.DirectJDKLog	173	main	Initializing Spring embedded WebApplicationContext
2020-02-20 20:06:15.257 +0800	INFO	org.springframework.boot.web.servlet.context.ServletWebServerApplicationContext	296	main	Root WebApplicationContext: initialization completed in 1512 ms
2020-02-20 20:06:15.901 +0800	INFO	org.springframework.scheduling.concurrent.ExecutorConfigurationSupport	171	main	Initializing ExecutorService 'taskExecutor'
2020-02-20 20:06:16.576 +0800	INFO	org.apache.juli.logging.DirectJDKLog	173	main	Starting ProtocolHandler ["http-nio-8888"]
2020-02-20 20:06:16.597 +0800	INFO	org.springframework.boot.web.embedded.tomcat.TomcatWebServer	204	main	Tomcat started on port(s): 8888 (http) with context path ''
2020-02-20 20:06:16.599 +0800	INFO	org.springframework.boot.StartupInfoLogger	59	main	Started AopdemoApplication in 3.633 seconds (JVM running for 5.045)
2020-02-20 20:06:26.418 +0800	INFO	com.example.demo.listenerfilterintercept.CustomLister	27	http-nio-8888-exec-1	request级别监听器,访问次数+1,当前访问量:1
2020-02-20 20:06:26.427 +0800	INFO	org.apache.juli.logging.DirectJDKLog	173	http-nio-8888-exec-1	Initializing Spring DispatcherServlet 'dispatcherServlet'
2020-02-20 20:06:26.427 +0800	INFO	org.springframework.web.servlet.FrameworkServlet	524	http-nio-8888-exec-1	Initializing Servlet 'dispatcherServlet'
2020-02-20 20:06:26.445 +0800	INFO	org.springframework.web.servlet.FrameworkServlet	546	http-nio-8888-exec-1	Completed initialization in 18 ms
2020-02-20 20:06:26.459 +0800	INFO	com.example.demo.listenerfilterintercept.CustomIntercept	19	http-nio-8888-exec-1	PostmanRuntime/7.22.0
2020-02-20 20:06:26.582 +0800	INFO	io.lettuce.core.EpollProvider	68	http-nio-8888-exec-1	Starting without optional epoll library
2020-02-20 20:06:26.584 +0800	INFO	io.lettuce.core.KqueueProvider	70	http-nio-8888-exec-1	Starting without optional kqueue library
2020-02-20 20:06:27.063 +0800	INFO	com.zaxxer.hikari.HikariDataSource	110	http-nio-8888-exec-1	HikariPool-1 - Starting...
2020-02-20 20:06:27.152 +0800	INFO	com.zaxxer.hikari.HikariDataSource	123	http-nio-8888-exec-1	HikariPool-1 - Start completed.
2020-02-20 20:06:27.159 +0800	DEBUG	org.apache.ibatis.logging.jdbc.BaseJdbcLogger	159	http-nio-8888-exec-1	==>  Preparing: select t_id, t_name from teacher where t_id = ? 
2020-02-20 20:06:27.176 +0800	DEBUG	org.apache.ibatis.logging.jdbc.BaseJdbcLogger	159	http-nio-8888-exec-1	==> Parameters: 4(Integer)
2020-02-20 20:06:27.192 +0800	DEBUG	org.apache.ibatis.logging.jdbc.BaseJdbcLogger	159	http-nio-8888-exec-1	<==      Total: 1
2020-02-20 20:06:27.259 +0800	INFO	com.example.demo.listenerfilterintercept.CustomIntercept	28	http-nio-8888-exec-1	??
2020-02-20 20:06:27.264 +0800	INFO	com.example.demo.listenerfilterintercept.CustomIntercept	32	http-nio-8888-exec-1	???
2020-02-20 20:06:27.267 +0800	INFO	com.example.demo.listenerfilterintercept.CustomLister	18	http-nio-8888-exec-1	request级别监听器：销毁
2020-02-20 20:06:48.096 +0800	INFO	com.example.demo.listenerfilterintercept.CustomLister	27	http-nio-8888-exec-2	request级别监听器,访问次数+1,当前访问量:2
2020-02-20 20:06:48.097 +0800	INFO	com.example.demo.listenerfilterintercept.CustomIntercept	19	http-nio-8888-exec-2	PostmanRuntime/7.22.0
2020-02-20 20:06:48.138 +0800	INFO	com.example.demo.listenerfilterintercept.CustomIntercept	28	http-nio-8888-exec-2	??
2020-02-20 20:06:48.138 +0800	INFO	com.example.demo.listenerfilterintercept.CustomIntercept	32	http-nio-8888-exec-2	???
2020-02-20 20:06:48.138 +0800	INFO	com.example.demo.listenerfilterintercept.CustomLister	18	http-nio-8888-exec-2	request级别监听器：销毁
2020-02-20 20:06:48.962 +0800	INFO	com.example.demo.listenerfilterintercept.CustomLister	27	http-nio-8888-exec-3	request级别监听器,访问次数+1,当前访问量:3
2020-02-20 20:06:48.963 +0800	INFO	com.example.demo.listenerfilterintercept.CustomIntercept	19	http-nio-8888-exec-3	PostmanRuntime/7.22.0
2020-02-20 20:06:48.966 +0800	INFO	com.example.demo.listenerfilterintercept.CustomIntercept	28	http-nio-8888-exec-3	??
2020-02-20 20:06:48.972 +0800	INFO	com.example.demo.listenerfilterintercept.CustomIntercept	32	http-nio-8888-exec-3	???
2020-02-20 20:06:48.972 +0800	INFO	com.example.demo.listenerfilterintercept.CustomLister	18	http-nio-8888-exec-3	request级别监听器：销毁
2020-02-20 20:06:49.581 +0800	INFO	com.example.demo.listenerfilterintercept.CustomLister	27	http-nio-8888-exec-4	request级别监听器,访问次数+1,当前访问量:4
2020-02-20 20:06:49.583 +0800	INFO	com.example.demo.listenerfilterintercept.CustomIntercept	19	http-nio-8888-exec-4	PostmanRuntime/7.22.0
2020-02-20 20:06:49.589 +0800	INFO	com.example.demo.listenerfilterintercept.CustomIntercept	28	http-nio-8888-exec-4	??
2020-02-20 20:06:49.590 +0800	INFO	com.example.demo.listenerfilterintercept.CustomIntercept	32	http-nio-8888-exec-4	???
2020-02-20 20:06:49.590 +0800	INFO	com.example.demo.listenerfilterintercept.CustomLister	18	http-nio-8888-exec-4	request级别监听器：销毁
2020-02-20 20:06:50.052 +0800	INFO	com.example.demo.listenerfilterintercept.CustomLister	27	http-nio-8888-exec-5	request级别监听器,访问次数+1,当前访问量:5
2020-02-20 20:06:50.053 +0800	INFO	com.example.demo.listenerfilterintercept.CustomIntercept	19	http-nio-8888-exec-5	PostmanRuntime/7.22.0
2020-02-20 20:06:50.058 +0800	INFO	com.example.demo.listenerfilterintercept.CustomIntercept	28	http-nio-8888-exec-5	??
2020-02-20 20:06:50.059 +0800	INFO	com.example.demo.listenerfilterintercept.CustomIntercept	32	http-nio-8888-exec-5	???
2020-02-20 20:06:50.059 +0800	INFO	com.example.demo.listenerfilterintercept.CustomLister	18	http-nio-8888-exec-5	request级别监听器：销毁
2020-02-20 20:07:07.182 +0800	INFO	com.example.demo.listenerfilterintercept.CustomLister	27	http-nio-8888-exec-6	request级别监听器,访问次数+1,当前访问量:6
2020-02-20 20:07:07.183 +0800	INFO	com.example.demo.listenerfilterintercept.CustomIntercept	19	http-nio-8888-exec-6	PostmanRuntime/7.22.0
2020-02-20 20:07:07.202 +0800	DEBUG	org.apache.ibatis.logging.jdbc.BaseJdbcLogger	159	http-nio-8888-exec-6	==>  Preparing: insert into teacher (t_name) values (?) 
2020-02-20 20:07:07.203 +0800	DEBUG	org.apache.ibatis.logging.jdbc.BaseJdbcLogger	159	http-nio-8888-exec-6	==> Parameters: 李老师(String)
2020-02-20 20:07:07.210 +0800	DEBUG	org.apache.ibatis.logging.jdbc.BaseJdbcLogger	159	http-nio-8888-exec-6	<==    Updates: 1
2020-02-20 20:07:07.219 +0800	ERROR	com.example.demo.configuration.exception.WebExceptionHandler	37	http-nio-8888-exec-6	Null key returned for cache operation (maybe you are using named params on classes without debug info?) Builder[public com.example.demo.entity.Teacher com.example.demo.service.TeacherForRedisImpl.createTeacher(com.example.demo.entity.Teacher)] caches=[teacher] | key='#id' | keyGenerator='' | cacheManager='' | cacheResolver='' | condition='',false,false
2020-02-20 20:07:07.221 +0800	INFO	com.example.demo.listenerfilterintercept.CustomIntercept	32	http-nio-8888-exec-6	???
2020-02-20 20:07:07.221 +0800	INFO	com.example.demo.listenerfilterintercept.CustomLister	18	http-nio-8888-exec-6	request级别监听器：销毁
2020-02-20 20:07:55.306 +0800	INFO	com.example.demo.listenerfilterintercept.CustomLister	27	http-nio-8888-exec-7	request级别监听器,访问次数+1,当前访问量:7
2020-02-20 20:07:55.307 +0800	INFO	com.example.demo.listenerfilterintercept.CustomIntercept	19	http-nio-8888-exec-7	PostmanRuntime/7.22.0
2020-02-20 20:07:55.310 +0800	DEBUG	org.apache.ibatis.logging.jdbc.BaseJdbcLogger	159	http-nio-8888-exec-7	==>  Preparing: select t_id, t_name from teacher where t_id = ? 
2020-02-20 20:07:55.311 +0800	DEBUG	org.apache.ibatis.logging.jdbc.BaseJdbcLogger	159	http-nio-8888-exec-7	==> Parameters: 4(Integer)
2020-02-20 20:07:55.312 +0800	DEBUG	org.apache.ibatis.logging.jdbc.BaseJdbcLogger	159	http-nio-8888-exec-7	<==      Total: 1
2020-02-20 20:07:55.315 +0800	INFO	com.example.demo.listenerfilterintercept.CustomIntercept	28	http-nio-8888-exec-7	??
2020-02-20 20:07:55.316 +0800	INFO	com.example.demo.listenerfilterintercept.CustomIntercept	32	http-nio-8888-exec-7	???
2020-02-20 20:07:55.316 +0800	INFO	com.example.demo.listenerfilterintercept.CustomLister	18	http-nio-8888-exec-7	request级别监听器：销毁
2020-02-20 20:08:12.140 +0800	INFO	com.example.demo.listenerfilterintercept.CustomLister	27	http-nio-8888-exec-8	request级别监听器,访问次数+1,当前访问量:8
2020-02-20 20:08:12.141 +0800	INFO	com.example.demo.listenerfilterintercept.CustomIntercept	19	http-nio-8888-exec-8	PostmanRuntime/7.22.0
2020-02-20 20:08:12.174 +0800	DEBUG	org.apache.ibatis.logging.jdbc.BaseJdbcLogger	159	http-nio-8888-exec-8	==>  Preparing: select t_id, t_name from teacher 
2020-02-20 20:08:12.174 +0800	DEBUG	org.apache.ibatis.logging.jdbc.BaseJdbcLogger	159	http-nio-8888-exec-8	==> Parameters: 
2020-02-20 20:08:12.176 +0800	DEBUG	org.apache.ibatis.logging.jdbc.BaseJdbcLogger	159	http-nio-8888-exec-8	<==      Total: 5
2020-02-20 20:08:12.184 +0800	INFO	com.example.demo.listenerfilterintercept.CustomIntercept	28	http-nio-8888-exec-8	??
2020-02-20 20:08:12.185 +0800	INFO	com.example.demo.listenerfilterintercept.CustomIntercept	32	http-nio-8888-exec-8	???
2020-02-20 20:08:12.185 +0800	INFO	com.example.demo.listenerfilterintercept.CustomLister	18	http-nio-8888-exec-8	request级别监听器：销毁
2020-02-20 20:08:32.691 +0800	INFO	com.example.demo.listenerfilterintercept.CustomLister	27	http-nio-8888-exec-9	request级别监听器,访问次数+1,当前访问量:9
2020-02-20 20:08:32.695 +0800	INFO	com.example.demo.listenerfilterintercept.CustomIntercept	19	http-nio-8888-exec-9	PostmanRuntime/7.22.0
2020-02-20 20:08:32.697 +0800	DEBUG	org.apache.ibatis.logging.jdbc.BaseJdbcLogger	159	http-nio-8888-exec-9	==>  Preparing: insert into teacher (t_name) values (?) 
2020-02-20 20:08:32.697 +0800	DEBUG	org.apache.ibatis.logging.jdbc.BaseJdbcLogger	159	http-nio-8888-exec-9	==> Parameters: 包老师(String)
2020-02-20 20:08:32.699 +0800	DEBUG	org.apache.ibatis.logging.jdbc.BaseJdbcLogger	159	http-nio-8888-exec-9	<==    Updates: 1
2020-02-20 20:08:32.703 +0800	ERROR	com.example.demo.configuration.exception.WebExceptionHandler	37	http-nio-8888-exec-9	Null key returned for cache operation (maybe you are using named params on classes without debug info?) Builder[public com.example.demo.entity.Teacher com.example.demo.service.TeacherForRedisImpl.createTeacher(com.example.demo.entity.Teacher)] caches=[teacher] | key='#id' | keyGenerator='' | cacheManager='' | cacheResolver='' | condition='',false,false
2020-02-20 20:08:32.704 +0800	INFO	com.example.demo.listenerfilterintercept.CustomIntercept	32	http-nio-8888-exec-9	???
2020-02-20 20:08:32.704 +0800	INFO	com.example.demo.listenerfilterintercept.CustomLister	18	http-nio-8888-exec-9	request级别监听器：销毁
2020-02-20 20:09:10.625 +0800	INFO	org.springframework.scheduling.concurrent.ExecutorConfigurationSupport	208	Thread-2	Shutting down ExecutorService 'taskExecutor'
2020-02-20 20:09:11.741 +0800	INFO	com.zaxxer.hikari.HikariDataSource	350	Thread-2	HikariPool-1 - Shutdown initiated...
2020-02-20 20:09:11.750 +0800	INFO	com.zaxxer.hikari.HikariDataSource	352	Thread-2	HikariPool-1 - Shutdown completed.
2020-02-20 20:09:11.741 +0800	ERROR	org.springframework.scheduling.support.TaskUtils$LoggingErrorHandler	96	pool-2-thread-2	Unexpected error occurred in scheduled task.
java.lang.InterruptedException: sleep interrupted
	at java.lang.Thread.sleep(Native Method) ~[?:?]
	at com.example.demo.schedule.ScheduledJobs.fixedDelayJob(ScheduledJobs.java:15) ~[classes/:?]
	at jdk.internal.reflect.NativeMethodAccessorImpl.invoke0(Native Method) ~[?:?]
	at jdk.internal.reflect.NativeMethodAccessorImpl.invoke(NativeMethodAccessorImpl.java:62) ~[?:?]
	at jdk.internal.reflect.DelegatingMethodAccessorImpl.invoke(DelegatingMethodAccessorImpl.java:43) ~[?:?]
	at java.lang.reflect.Method.invoke(Method.java:566) ~[?:?]
	at org.springframework.scheduling.support.ScheduledMethodRunnable.run(ScheduledMethodRunnable.java:84) ~[spring-context-5.1.6.RELEASE.jar:5.1.6.RELEASE]
	at org.springframework.scheduling.support.DelegatingErrorHandlingRunnable.run(DelegatingErrorHandlingRunnable.java:54) [spring-context-5.1.6.RELEASE.jar:5.1.6.RELEASE]
	at java.util.concurrent.Executors$RunnableAdapter.call(Executors.java:515) [?:?]
	at java.util.concurrent.FutureTask.runAndReset$$$capture(FutureTask.java:305) [?:?]
	at java.util.concurrent.FutureTask.runAndReset(FutureTask.java) [?:?]
	at java.util.concurrent.ScheduledThreadPoolExecutor$ScheduledFutureTask.run(ScheduledThreadPoolExecutor.java:305) [?:?]
	at java.util.concurrent.ThreadPoolExecutor.runWorker(ThreadPoolExecutor.java:1128) [?:?]
	at java.util.concurrent.ThreadPoolExecutor$Worker.run(ThreadPoolExecutor.java:628) [?:?]
	at java.lang.Thread.run(Thread.java:834) [?:?]
2020-02-20 20:09:11.741 +0800	ERROR	org.springframework.scheduling.support.TaskUtils$LoggingErrorHandler	96	pool-2-thread-1	Unexpected error occurred in scheduled task.
java.lang.InterruptedException: sleep interrupted
	at java.lang.Thread.sleep(Native Method) ~[?:?]
	at com.example.demo.schedule.ScheduledJobs.fixedRateJob(ScheduledJobs.java:23) ~[classes/:?]
	at jdk.internal.reflect.NativeMethodAccessorImpl.invoke0(Native Method) ~[?:?]
	at jdk.internal.reflect.NativeMethodAccessorImpl.invoke(NativeMethodAccessorImpl.java:62) ~[?:?]
	at jdk.internal.reflect.DelegatingMethodAccessorImpl.invoke(DelegatingMethodAccessorImpl.java:43) ~[?:?]
	at java.lang.reflect.Method.invoke(Method.java:566) ~[?:?]
	at org.springframework.scheduling.support.ScheduledMethodRunnable.run(ScheduledMethodRunnable.java:84) ~[spring-context-5.1.6.RELEASE.jar:5.1.6.RELEASE]
	at org.springframework.scheduling.support.DelegatingErrorHandlingRunnable.run(DelegatingErrorHandlingRunnable.java:54) [spring-context-5.1.6.RELEASE.jar:5.1.6.RELEASE]
	at java.util.concurrent.Executors$RunnableAdapter.call(Executors.java:515) [?:?]
	at java.util.concurrent.FutureTask.runAndReset$$$capture(FutureTask.java:305) [?:?]
	at java.util.concurrent.FutureTask.runAndReset(FutureTask.java) [?:?]
	at java.util.concurrent.ScheduledThreadPoolExecutor$ScheduledFutureTask.run(ScheduledThreadPoolExecutor.java:305) [?:?]
	at java.util.concurrent.ThreadPoolExecutor.runWorker(ThreadPoolExecutor.java:1128) [?:?]
	at java.util.concurrent.ThreadPoolExecutor$Worker.run(ThreadPoolExecutor.java:628) [?:?]
	at java.lang.Thread.run(Thread.java:834) [?:?]
